<?xml version="1.0" encoding="UTF-8"?>
<!-- Generated by org.testng.reporters.JUnitXMLReporter -->
<testsuite ignored="0" hostname="LAPTOP-VT572C4M" failures="0" tests="3" name="Test" time="196.074" errors="0" timestamp="2021-04-15T12:01:47 IST">
  <testcase classname="RunTest.TestClass" name="getHospitalNames" time="178.989"/>
  <testcase classname="RunTest.TestClass" name="Diagnosticpage" time="5.096"/>
  <testcase classname="RunTest.TestClass" name="CopWelleness" time="11.896"/>
</testsuite> <!-- Test -->
